{"D:\\Code\\430\\GroupProject\\TODO_App\\todo-app-backend\\models\\category.js": {"path":"D:\\Code\\430\\GroupProject\\TODO_App\\todo-app-backend\\models\\category.js","statementMap":{"0":{"start":{"line":1,"column":17},"end":{"line":1,"column":36}},"1":{"start":{"line":3,"column":23},"end":{"line":14,"column":2}},"2":{"start":{"line":16,"column":0},"end":{"line":16,"column":32}}},"fnMap":{},"branchMap":{},"s":{"0":2,"1":2,"2":2},"f":{},"b":{},"_coverageSchema":"1a1c01bbd47fc00a2c39e90264f33305004495a9","hash":"826005f6993bad21fde8bec5e6658690d69d38b9"}
,"D:\\Code\\430\\GroupProject\\TODO_App\\todo-app-backend\\models\\services.js": {"path":"D:\\Code\\430\\GroupProject\\TODO_App\\todo-app-backend\\models\\services.js","statementMap":{"0":{"start":{"line":1,"column":17},"end":{"line":1,"column":36}},"1":{"start":{"line":2,"column":18},"end":{"line":2,"column":35}},"2":{"start":{"line":3,"column":18},"end":{"line":3,"column":40}},"3":{"start":{"line":4,"column":22},"end":{"line":4,"column":43}},"4":{"start":{"line":5,"column":15},"end":{"line":5,"column":32}},"5":{"start":{"line":7,"column":0},"end":{"line":7,"column":16}},"6":{"start":{"line":10,"column":0},"end":{"line":10,"column":28}},"7":{"start":{"line":12,"column":0},"end":{"line":27,"column":43}},"8":{"start":{"line":27,"column":23},"end":{"line":27,"column":41}},"9":{"start":{"line":32,"column":4},"end":{"line":32,"column":42}},"10":{"start":{"line":33,"column":4},"end":{"line":48,"column":5}},"11":{"start":{"line":34,"column":27},"end":{"line":34,"column":61}},"12":{"start":{"line":35,"column":8},"end":{"line":35,"column":75}},"13":{"start":{"line":36,"column":8},"end":{"line":43,"column":9}},"14":{"start":{"line":37,"column":12},"end":{"line":37,"column":25}},"15":{"start":{"line":40,"column":30},"end":{"line":40,"column":49}},"16":{"start":{"line":41,"column":30},"end":{"line":41,"column":52}},"17":{"start":{"line":42,"column":12},"end":{"line":42,"column":29}},"18":{"start":{"line":46,"column":8},"end":{"line":46,"column":33}},"19":{"start":{"line":47,"column":8},"end":{"line":47,"column":21}},"20":{"start":{"line":53,"column":4},"end":{"line":62,"column":5}},"21":{"start":{"line":54,"column":28},"end":{"line":54,"column":44}},"22":{"start":{"line":55,"column":24},"end":{"line":55,"column":47}},"23":{"start":{"line":56,"column":8},"end":{"line":56,"column":44}},"24":{"start":{"line":57,"column":26},"end":{"line":57,"column":50}},"25":{"start":{"line":58,"column":8},"end":{"line":58,"column":25}},"26":{"start":{"line":60,"column":8},"end":{"line":60,"column":27}},"27":{"start":{"line":61,"column":8},"end":{"line":61,"column":21}},"28":{"start":{"line":67,"column":4},"end":{"line":76,"column":5}},"29":{"start":{"line":68,"column":28},"end":{"line":68,"column":50}},"30":{"start":{"line":69,"column":28},"end":{"line":69,"column":55}},"31":{"start":{"line":70,"column":8},"end":{"line":70,"column":49}},"32":{"start":{"line":71,"column":22},"end":{"line":71,"column":46}},"33":{"start":{"line":72,"column":8},"end":{"line":72,"column":32}},"34":{"start":{"line":75,"column":8},"end":{"line":75,"column":21}},"35":{"start":{"line":81,"column":4},"end":{"line":81,"column":52}},"36":{"start":{"line":86,"column":4},"end":{"line":91,"column":5}},"37":{"start":{"line":87,"column":8},"end":{"line":87,"column":27}},"38":{"start":{"line":89,"column":9},"end":{"line":91,"column":5}},"39":{"start":{"line":90,"column":8},"end":{"line":90,"column":51}},"40":{"start":{"line":92,"column":4},"end":{"line":92,"column":18}},"41":{"start":{"line":97,"column":4},"end":{"line":103,"column":5}},"42":{"start":{"line":99,"column":8},"end":{"line":99,"column":44}},"43":{"start":{"line":101,"column":8},"end":{"line":101,"column":27}},"44":{"start":{"line":102,"column":8},"end":{"line":102,"column":25}},"45":{"start":{"line":108,"column":4},"end":{"line":108,"column":20}},"46":{"start":{"line":109,"column":24},"end":{"line":109,"column":46}},"47":{"start":{"line":111,"column":4},"end":{"line":111,"column":39}},"48":{"start":{"line":112,"column":4},"end":{"line":115,"column":5}},"49":{"start":{"line":113,"column":8},"end":{"line":113,"column":32}},"50":{"start":{"line":114,"column":8},"end":{"line":114,"column":18}},"51":{"start":{"line":116,"column":4},"end":{"line":116,"column":22}},"52":{"start":{"line":120,"column":4},"end":{"line":120,"column":20}},"53":{"start":{"line":121,"column":24},"end":{"line":121,"column":46}},"54":{"start":{"line":122,"column":4},"end":{"line":122,"column":33}},"55":{"start":{"line":123,"column":4},"end":{"line":123,"column":45}},"56":{"start":{"line":124,"column":4},"end":{"line":127,"column":5}},"57":{"start":{"line":125,"column":8},"end":{"line":125,"column":37}},"58":{"start":{"line":126,"column":8},"end":{"line":126,"column":18}},"59":{"start":{"line":128,"column":4},"end":{"line":128,"column":27}},"60":{"start":{"line":133,"column":24},"end":{"line":133,"column":46}},"61":{"start":{"line":134,"column":4},"end":{"line":134,"column":32}},"62":{"start":{"line":140,"column":24},"end":{"line":140,"column":40}},"63":{"start":{"line":141,"column":4},"end":{"line":141,"column":76}},"64":{"start":{"line":142,"column":22},"end":{"line":142,"column":46}},"65":{"start":{"line":143,"column":4},"end":{"line":143,"column":21}},"66":{"start":{"line":147,"column":24},"end":{"line":147,"column":40}},"67":{"start":{"line":148,"column":4},"end":{"line":148,"column":58}},"68":{"start":{"line":149,"column":23},"end":{"line":149,"column":47}},"69":{"start":{"line":150,"column":4},"end":{"line":150,"column":22}},"70":{"start":{"line":154,"column":24},"end":{"line":154,"column":40}},"71":{"start":{"line":155,"column":4},"end":{"line":155,"column":72}},"72":{"start":{"line":156,"column":22},"end":{"line":156,"column":46}},"73":{"start":{"line":157,"column":4},"end":{"line":157,"column":21}},"74":{"start":{"line":161,"column":24},"end":{"line":161,"column":40}},"75":{"start":{"line":162,"column":4},"end":{"line":162,"column":73}},"76":{"start":{"line":163,"column":22},"end":{"line":163,"column":46}},"77":{"start":{"line":164,"column":4},"end":{"line":164,"column":21}},"78":{"start":{"line":220,"column":0},"end":{"line":220,"column":26}},"79":{"start":{"line":221,"column":0},"end":{"line":221,"column":36}},"80":{"start":{"line":222,"column":0},"end":{"line":222,"column":26}},"81":{"start":{"line":224,"column":0},"end":{"line":224,"column":46}},"82":{"start":{"line":225,"column":0},"end":{"line":225,"column":36}},"83":{"start":{"line":226,"column":0},"end":{"line":226,"column":50}},"84":{"start":{"line":227,"column":0},"end":{"line":227,"column":38}},"85":{"start":{"line":228,"column":0},"end":{"line":228,"column":40}},"86":{"start":{"line":235,"column":0},"end":{"line":235,"column":42}},"87":{"start":{"line":236,"column":0},"end":{"line":236,"column":28}},"88":{"start":{"line":237,"column":0},"end":{"line":237,"column":52}},"89":{"start":{"line":238,"column":0},"end":{"line":238,"column":38}},"90":{"start":{"line":239,"column":0},"end":{"line":239,"column":34}}},"fnMap":{"0":{"name":"(anonymous_0)","decl":{"start":{"line":27,"column":12},"end":{"line":27,"column":13}},"loc":{"start":{"line":27,"column":23},"end":{"line":27,"column":41}},"line":27},"1":{"name":"addUser","decl":{"start":{"line":31,"column":15},"end":{"line":31,"column":22}},"loc":{"start":{"line":31,"column":29},"end":{"line":49,"column":1}},"line":31},"2":{"name":"addTodo","decl":{"start":{"line":52,"column":15},"end":{"line":52,"column":22}},"loc":{"start":{"line":52,"column":37},"end":{"line":63,"column":1}},"line":52},"3":{"name":"addCategory","decl":{"start":{"line":66,"column":15},"end":{"line":66,"column":26}},"loc":{"start":{"line":66,"column":41},"end":{"line":77,"column":1}},"line":66},"4":{"name":"findUserByName","decl":{"start":{"line":80,"column":15},"end":{"line":80,"column":29}},"loc":{"start":{"line":80,"column":39},"end":{"line":82,"column":1}},"line":80},"5":{"name":"getUserByUsername","decl":{"start":{"line":84,"column":15},"end":{"line":84,"column":32}},"loc":{"start":{"line":84,"column":42},"end":{"line":93,"column":1}},"line":84},"6":{"name":"findUserById","decl":{"start":{"line":96,"column":15},"end":{"line":96,"column":27}},"loc":{"start":{"line":96,"column":32},"end":{"line":104,"column":1}},"line":96},"7":{"name":"getTodos","decl":{"start":{"line":107,"column":15},"end":{"line":107,"column":23}},"loc":{"start":{"line":107,"column":27},"end":{"line":117,"column":1}},"line":107},"8":{"name":"getCategories","decl":{"start":{"line":119,"column":15},"end":{"line":119,"column":28}},"loc":{"start":{"line":119,"column":32},"end":{"line":130,"column":1}},"line":119},"9":{"name":"getUserSettings","decl":{"start":{"line":132,"column":15},"end":{"line":132,"column":30}},"loc":{"start":{"line":132,"column":34},"end":{"line":135,"column":1}},"line":132},"10":{"name":"findTodosByCategory","decl":{"start":{"line":139,"column":15},"end":{"line":139,"column":34}},"loc":{"start":{"line":139,"column":54},"end":{"line":144,"column":1}},"line":139},"11":{"name":"findTodosByCompleted","decl":{"start":{"line":146,"column":15},"end":{"line":146,"column":35}},"loc":{"start":{"line":146,"column":54},"end":{"line":151,"column":1}},"line":146},"12":{"name":"markCompleted","decl":{"start":{"line":153,"column":15},"end":{"line":153,"column":28}},"loc":{"start":{"line":153,"column":41},"end":{"line":158,"column":1}},"line":153},"13":{"name":"markUncomplete","decl":{"start":{"line":160,"column":15},"end":{"line":160,"column":29}},"loc":{"start":{"line":160,"column":42},"end":{"line":165,"column":1}},"line":160}},"branchMap":{"0":{"loc":{"start":{"line":36,"column":8},"end":{"line":43,"column":9}},"type":"if","locations":[{"start":{"line":36,"column":8},"end":{"line":43,"column":9}},{"start":{"line":39,"column":13},"end":{"line":43,"column":9}}],"line":36},"1":{"loc":{"start":{"line":86,"column":4},"end":{"line":91,"column":5}},"type":"if","locations":[{"start":{"line":86,"column":4},"end":{"line":91,"column":5}},{"start":{"line":89,"column":9},"end":{"line":91,"column":5}}],"line":86},"2":{"loc":{"start":{"line":89,"column":9},"end":{"line":91,"column":5}},"type":"if","locations":[{"start":{"line":89,"column":9},"end":{"line":91,"column":5}},{"start":{},"end":{}}],"line":89},"3":{"loc":{"start":{"line":112,"column":4},"end":{"line":115,"column":5}},"type":"if","locations":[{"start":{"line":112,"column":4},"end":{"line":115,"column":5}},{"start":{},"end":{}}],"line":112},"4":{"loc":{"start":{"line":124,"column":4},"end":{"line":127,"column":5}},"type":"if","locations":[{"start":{"line":124,"column":4},"end":{"line":127,"column":5}},{"start":{},"end":{}}],"line":124}},"s":{"0":2,"1":2,"2":2,"3":2,"4":2,"5":2,"6":2,"7":2,"8":1,"9":8,"10":8,"11":8,"12":8,"13":8,"14":0,"15":8,"16":8,"17":0,"18":8,"19":8,"20":3,"21":3,"22":3,"23":0,"24":0,"25":0,"26":3,"27":3,"28":1,"29":1,"30":0,"31":0,"32":0,"33":0,"34":0,"35":1,"36":9,"37":8,"38":1,"39":1,"40":9,"41":10,"42":10,"43":4,"44":4,"45":2,"46":2,"47":1,"48":0,"49":0,"50":0,"51":0,"52":0,"53":0,"54":0,"55":0,"56":0,"57":0,"58":0,"59":0,"60":0,"61":0,"62":3,"63":3,"64":0,"65":0,"66":0,"67":0,"68":0,"69":0,"70":0,"71":0,"72":0,"73":0,"74":0,"75":0,"76":0,"77":0,"78":2,"79":2,"80":2,"81":2,"82":2,"83":2,"84":2,"85":2,"86":2,"87":2,"88":2,"89":2,"90":2},"f":{"0":1,"1":8,"2":3,"3":1,"4":1,"5":9,"6":10,"7":2,"8":0,"9":0,"10":3,"11":0,"12":0,"13":0},"b":{"0":[0,8],"1":[8,1],"2":[1,0],"3":[0,0],"4":[0,0]},"_coverageSchema":"1a1c01bbd47fc00a2c39e90264f33305004495a9","hash":"9f8a71e69f972cf6534d04202c48b951a40e08d8"}
,"D:\\Code\\430\\GroupProject\\TODO_App\\todo-app-backend\\models\\settings.js": {"path":"D:\\Code\\430\\GroupProject\\TODO_App\\todo-app-backend\\models\\settings.js","statementMap":{"0":{"start":{"line":1,"column":17},"end":{"line":1,"column":36}},"1":{"start":{"line":3,"column":23},"end":{"line":9,"column":2}},"2":{"start":{"line":11,"column":0},"end":{"line":11,"column":32}}},"fnMap":{},"branchMap":{},"s":{"0":2,"1":2,"2":2},"f":{},"b":{},"_coverageSchema":"1a1c01bbd47fc00a2c39e90264f33305004495a9","hash":"add602086463d9587d6ea47e9ad911239b8bec7c"}
,"D:\\Code\\430\\GroupProject\\TODO_App\\todo-app-backend\\models\\todo_item.js": {"path":"D:\\Code\\430\\GroupProject\\TODO_App\\todo-app-backend\\models\\todo_item.js","statementMap":{"0":{"start":{"line":1,"column":17},"end":{"line":1,"column":36}},"1":{"start":{"line":3,"column":19},"end":{"line":33,"column":2}},"2":{"start":{"line":35,"column":0},"end":{"line":35,"column":28}}},"fnMap":{},"branchMap":{},"s":{"0":2,"1":2,"2":2},"f":{},"b":{},"_coverageSchema":"1a1c01bbd47fc00a2c39e90264f33305004495a9","hash":"4239eb6dff4665c8b5a357d3dfe6d8d59fd49c13"}
,"D:\\Code\\430\\GroupProject\\TODO_App\\todo-app-backend\\models\\user.js": {"path":"D:\\Code\\430\\GroupProject\\TODO_App\\todo-app-backend\\models\\user.js","statementMap":{"0":{"start":{"line":1,"column":17},"end":{"line":1,"column":36}},"1":{"start":{"line":2,"column":19},"end":{"line":2,"column":41}},"2":{"start":{"line":3,"column":23},"end":{"line":3,"column":44}},"3":{"start":{"line":4,"column":23},"end":{"line":4,"column":44}},"4":{"start":{"line":6,"column":19},"end":{"line":24,"column":2}},"5":{"start":{"line":26,"column":0},"end":{"line":26,"column":52}}},"fnMap":{},"branchMap":{},"s":{"0":2,"1":2,"2":2,"3":2,"4":2,"5":2},"f":{},"b":{},"_coverageSchema":"1a1c01bbd47fc00a2c39e90264f33305004495a9","hash":"cd7565b0bb61552b3064c292f7cded9c19c83c4c"}
}
