TN:
SF:models\category.js
FNF:0
FNH:0
DA:1,2
DA:3,2
DA:16,2
LF:3
LH:3
BRF:0
BRH:0
end_of_record
TN:
SF:models\services.js
FN:27,(anonymous_0)
FN:31,addUser
FN:52,addTodo
FN:66,addCategory
FN:80,findUserByName
FN:84,getUserByUsername
FN:96,findUserById
FN:107,getTodos
FN:119,getCategories
FN:132,getUserSettings
FN:139,findTodosByCategory
FN:146,findTodosByCompleted
FN:153,markCompleted
FN:160,markUncomplete
FNF:14
FNH:9
FNDA:1,(anonymous_0)
FNDA:8,addUser
FNDA:3,addTodo
FNDA:1,addCategory
FNDA:1,findUserByName
FNDA:9,getUserByUsername
FNDA:10,findUserById
FNDA:2,getTodos
FNDA:0,getCategories
FNDA:0,getUserSettings
FNDA:3,findTodosByCategory
FNDA:0,findTodosByCompleted
FNDA:0,markCompleted
FNDA:0,markUncomplete
DA:1,2
DA:2,2
DA:3,2
DA:4,2
DA:5,2
DA:7,2
DA:10,2
DA:12,2
DA:27,1
DA:32,8
DA:33,8
DA:34,8
DA:35,8
DA:36,8
DA:37,0
DA:40,8
DA:41,8
DA:42,0
DA:46,8
DA:47,8
DA:53,3
DA:54,3
DA:55,3
DA:56,0
DA:57,0
DA:58,0
DA:60,3
DA:61,3
DA:67,1
DA:68,1
DA:69,0
DA:70,0
DA:71,0
DA:72,0
DA:75,0
DA:81,1
DA:86,9
DA:87,8
DA:89,1
DA:90,1
DA:92,9
DA:97,10
DA:99,10
DA:101,4
DA:102,4
DA:108,2
DA:109,2
DA:111,1
DA:112,0
DA:113,0
DA:114,0
DA:116,0
DA:120,0
DA:121,0
DA:122,0
DA:123,0
DA:124,0
DA:125,0
DA:126,0
DA:128,0
DA:133,0
DA:134,0
DA:140,3
DA:141,3
DA:142,0
DA:143,0
DA:147,0
DA:148,0
DA:149,0
DA:150,0
DA:154,0
DA:155,0
DA:156,0
DA:157,0
DA:161,0
DA:162,0
DA:163,0
DA:164,0
DA:220,2
DA:221,2
DA:222,2
DA:224,2
DA:225,2
DA:226,2
DA:227,2
DA:228,2
DA:235,2
DA:236,2
DA:237,2
DA:238,2
DA:239,2
LF:91
LH:53
BRDA:36,0,0,0
BRDA:36,0,1,8
BRDA:86,1,0,8
BRDA:86,1,1,1
BRDA:89,2,0,1
BRDA:89,2,1,0
BRDA:112,3,0,0
BRDA:112,3,1,0
BRDA:124,4,0,0
BRDA:124,4,1,0
BRF:10
BRH:4
end_of_record
TN:
SF:models\settings.js
FNF:0
FNH:0
DA:1,2
DA:3,2
DA:11,2
LF:3
LH:3
BRF:0
BRH:0
end_of_record
TN:
SF:models\todo_item.js
FNF:0
FNH:0
DA:1,2
DA:3,2
DA:35,2
LF:3
LH:3
BRF:0
BRH:0
end_of_record
TN:
SF:models\user.js
FNF:0
FNH:0
DA:1,2
DA:2,2
DA:3,2
DA:4,2
DA:6,2
DA:26,2
LF:6
LH:6
BRF:0
BRH:0
end_of_record
